<?xml version="1.0" encoding="UTF-8"?>
<testsuite xmlns:xsi="http://www.w3.org/2001/XMLSchema-instance" xsi:noNamespaceSchemaLocation="https://maven.apache.org/surefire/maven-surefire-plugin/xsd/surefire-test-report-3.0.xsd" version="3.0" name="com.bilarn.cucumber.RunCucumberTest" time="0.2" tests="1" errors="0" skipped="0" failures="0">
  <properties>
    <property name="java.specification.version" value="14"/>
    <property name="sun.jnu.encoding" value="UTF-8"/>
    <property name="java.class.path" value="/Users/sam/Downloads/bilarn-cucumber/bilarn-example-cucumber/target/test-classes:/Users/sam/Downloads/bilarn-cucumber/bilarn-example-cucumber/target/classes:/Users/sam/Downloads/bilarn-cucumber/bilarn-example-cucumber/Users/sam/.m2/repository/io/cucumber/cucumber-java/7.2.3/cucumber-java-7.2.3.jar:/Users/sam/Downloads/bilarn-cucumber/bilarn-example-cucumber/Users/sam/.m2/repository/io/cucumber/cucumber-core/7.2.3/cucumber-core-7.2.3.jar:/Users/sam/Downloads/bilarn-cucumber/bilarn-example-cucumber/Users/sam/.m2/repository/io/cucumber/cucumber-gherkin/7.2.3/cucumber-gherkin-7.2.3.jar:/Users/sam/Downloads/bilarn-cucumber/bilarn-example-cucumber/Users/sam/.m2/repository/io/cucumber/cucumber-gherkin-messages/7.2.3/cucumber-gherkin-messages-7.2.3.jar:/Users/sam/Downloads/bilarn-cucumber/bilarn-example-cucumber/Users/sam/.m2/repository/io/cucumber/messages/17.1.1/messages-17.1.1.jar:/Users/sam/Downloads/bilarn-cucumber/bilarn-example-cucumber/Users/sam/.m2/repository/io/cucumber/tag-expressions/4.1.0/tag-expressions-4.1.0.jar:/Users/sam/Downloads/bilarn-cucumber/bilarn-example-cucumber/Users/sam/.m2/repository/io/cucumber/cucumber-expressions/15.0.1/cucumber-expressions-15.0.1.jar:/Users/sam/Downloads/bilarn-cucumber/bilarn-example-cucumber/Users/sam/.m2/repository/io/cucumber/datatable/7.2.3/datatable-7.2.3.jar:/Users/sam/Downloads/bilarn-cucumber/bilarn-example-cucumber/Users/sam/.m2/repository/io/cucumber/cucumber-plugin/7.2.3/cucumber-plugin-7.2.3.jar:/Users/sam/Downloads/bilarn-cucumber/bilarn-example-cucumber/Users/sam/.m2/repository/io/cucumber/docstring/7.2.3/docstring-7.2.3.jar:/Users/sam/Downloads/bilarn-cucumber/bilarn-example-cucumber/Users/sam/.m2/repository/io/cucumber/html-formatter/17.0.0/html-formatter-17.0.0.jar:/Users/sam/Downloads/bilarn-cucumber/bilarn-example-cucumber/Users/sam/.m2/repository/io/cucumber/ci-environment/8.1.0/ci-environment-8.1.0.jar:/Users/sam/Downloads/bilarn-cucumber/bilarn-example-cucumber/Users/sam/.m2/repository/org/apiguardian/apiguardian-api/1.1.2/apiguardian-api-1.1.2.jar:/Users/sam/Downloads/bilarn-cucumber/bilarn-example-cucumber/Users/sam/.m2/repository/io/cucumber/cucumber-junit-platform-engine/7.2.3/cucumber-junit-platform-engine-7.2.3.jar:/Users/sam/Downloads/bilarn-cucumber/bilarn-example-cucumber/Users/sam/.m2/repository/org/junit/platform/junit-platform-engine/1.8.2/junit-platform-engine-1.8.2.jar:/Users/sam/Downloads/bilarn-cucumber/bilarn-example-cucumber/Users/sam/.m2/repository/org/opentest4j/opentest4j/1.2.0/opentest4j-1.2.0.jar:/Users/sam/Downloads/bilarn-cucumber/bilarn-example-cucumber/Users/sam/.m2/repository/org/junit/platform/junit-platform-commons/1.8.2/junit-platform-commons-1.8.2.jar:/Users/sam/Downloads/bilarn-cucumber/bilarn-example-cucumber/Users/sam/.m2/repository/org/junit/platform/junit-platform-suite/1.8.2/junit-platform-suite-1.8.2.jar:/Users/sam/Downloads/bilarn-cucumber/bilarn-example-cucumber/Users/sam/.m2/repository/org/junit/platform/junit-platform-suite-api/1.8.2/junit-platform-suite-api-1.8.2.jar:/Users/sam/Downloads/bilarn-cucumber/bilarn-example-cucumber/Users/sam/.m2/repository/org/junit/platform/junit-platform-suite-engine/1.8.2/junit-platform-suite-engine-1.8.2.jar:/Users/sam/Downloads/bilarn-cucumber/bilarn-example-cucumber/Users/sam/.m2/repository/org/junit/platform/junit-platform-suite-commons/1.8.2/junit-platform-suite-commons-1.8.2.jar:/Users/sam/Downloads/bilarn-cucumber/bilarn-example-cucumber/Users/sam/.m2/repository/org/junit/platform/junit-platform-launcher/1.8.2/junit-platform-launcher-1.8.2.jar:/Users/sam/Downloads/bilarn-cucumber/bilarn-example-cucumber/Users/sam/.m2/repository/org/junit/jupiter/junit-jupiter/5.8.2/junit-jupiter-5.8.2.jar:/Users/sam/Downloads/bilarn-cucumber/bilarn-example-cucumber/Users/sam/.m2/repository/org/junit/jupiter/junit-jupiter-api/5.8.2/junit-jupiter-api-5.8.2.jar:/Users/sam/Downloads/bilarn-cucumber/bilarn-example-cucumber/Users/sam/.m2/repository/org/junit/jupiter/junit-jupiter-params/5.8.2/junit-jupiter-params-5.8.2.jar:/Users/sam/Downloads/bilarn-cucumber/bilarn-example-cucumber/Users/sam/.m2/repository/org/junit/jupiter/junit-jupiter-engine/5.8.2/junit-jupiter-engine-5.8.2.jar:"/>
    <property name="java.vm.vendor" value="Oracle Corporation"/>
    <property name="sun.arch.data.model" value="64"/>
    <property name="java.vendor.url" value="https://java.oracle.com/"/>
    <property name="user.timezone" value="Europe/London"/>
    <property name="os.name" value="Mac OS X"/>
    <property name="java.vm.specification.version" value="14"/>
    <property name="sun.java.launcher" value="SUN_STANDARD"/>
    <property name="user.country" value="GB"/>
    <property name="sun.boot.library.path" value="/Users/sam/Library/Java/JavaVirtualMachines/openjdk-14.0.2/Contents/Home/lib"/>
    <property name="sun.java.command" value="/Users/sam/Downloads/bilarn-cucumber/bilarn-example-cucumber/target/surefire/surefirebooter4156507167119637731.jar /Users/sam/Downloads/bilarn-cucumber/bilarn-example-cucumber/target/surefire 2022-04-24T22-18-09_713-jvmRun1 surefire7722575480254899705tmp surefire_013902843915559315727tmp"/>
    <property name="http.nonProxyHosts" value="local|*.local|169.254/16|*.169.254/16"/>
    <property name="jdk.debug" value="release"/>
    <property name="surefire.test.class.path" value="/Users/sam/Downloads/bilarn-cucumber/bilarn-example-cucumber/target/test-classes:/Users/sam/Downloads/bilarn-cucumber/bilarn-example-cucumber/target/classes:/Users/sam/Downloads/bilarn-cucumber/bilarn-example-cucumber/Users/sam/.m2/repository/io/cucumber/cucumber-java/7.2.3/cucumber-java-7.2.3.jar:/Users/sam/Downloads/bilarn-cucumber/bilarn-example-cucumber/Users/sam/.m2/repository/io/cucumber/cucumber-core/7.2.3/cucumber-core-7.2.3.jar:/Users/sam/Downloads/bilarn-cucumber/bilarn-example-cucumber/Users/sam/.m2/repository/io/cucumber/cucumber-gherkin/7.2.3/cucumber-gherkin-7.2.3.jar:/Users/sam/Downloads/bilarn-cucumber/bilarn-example-cucumber/Users/sam/.m2/repository/io/cucumber/cucumber-gherkin-messages/7.2.3/cucumber-gherkin-messages-7.2.3.jar:/Users/sam/Downloads/bilarn-cucumber/bilarn-example-cucumber/Users/sam/.m2/repository/io/cucumber/messages/17.1.1/messages-17.1.1.jar:/Users/sam/Downloads/bilarn-cucumber/bilarn-example-cucumber/Users/sam/.m2/repository/io/cucumber/tag-expressions/4.1.0/tag-expressions-4.1.0.jar:/Users/sam/Downloads/bilarn-cucumber/bilarn-example-cucumber/Users/sam/.m2/repository/io/cucumber/cucumber-expressions/15.0.1/cucumber-expressions-15.0.1.jar:/Users/sam/Downloads/bilarn-cucumber/bilarn-example-cucumber/Users/sam/.m2/repository/io/cucumber/datatable/7.2.3/datatable-7.2.3.jar:/Users/sam/Downloads/bilarn-cucumber/bilarn-example-cucumber/Users/sam/.m2/repository/io/cucumber/cucumber-plugin/7.2.3/cucumber-plugin-7.2.3.jar:/Users/sam/Downloads/bilarn-cucumber/bilarn-example-cucumber/Users/sam/.m2/repository/io/cucumber/docstring/7.2.3/docstring-7.2.3.jar:/Users/sam/Downloads/bilarn-cucumber/bilarn-example-cucumber/Users/sam/.m2/repository/io/cucumber/html-formatter/17.0.0/html-formatter-17.0.0.jar:/Users/sam/Downloads/bilarn-cucumber/bilarn-example-cucumber/Users/sam/.m2/repository/io/cucumber/ci-environment/8.1.0/ci-environment-8.1.0.jar:/Users/sam/Downloads/bilarn-cucumber/bilarn-example-cucumber/Users/sam/.m2/repository/org/apiguardian/apiguardian-api/1.1.2/apiguardian-api-1.1.2.jar:/Users/sam/Downloads/bilarn-cucumber/bilarn-example-cucumber/Users/sam/.m2/repository/io/cucumber/cucumber-junit-platform-engine/7.2.3/cucumber-junit-platform-engine-7.2.3.jar:/Users/sam/Downloads/bilarn-cucumber/bilarn-example-cucumber/Users/sam/.m2/repository/org/junit/platform/junit-platform-engine/1.8.2/junit-platform-engine-1.8.2.jar:/Users/sam/Downloads/bilarn-cucumber/bilarn-example-cucumber/Users/sam/.m2/repository/org/opentest4j/opentest4j/1.2.0/opentest4j-1.2.0.jar:/Users/sam/Downloads/bilarn-cucumber/bilarn-example-cucumber/Users/sam/.m2/repository/org/junit/platform/junit-platform-commons/1.8.2/junit-platform-commons-1.8.2.jar:/Users/sam/Downloads/bilarn-cucumber/bilarn-example-cucumber/Users/sam/.m2/repository/org/junit/platform/junit-platform-suite/1.8.2/junit-platform-suite-1.8.2.jar:/Users/sam/Downloads/bilarn-cucumber/bilarn-example-cucumber/Users/sam/.m2/repository/org/junit/platform/junit-platform-suite-api/1.8.2/junit-platform-suite-api-1.8.2.jar:/Users/sam/Downloads/bilarn-cucumber/bilarn-example-cucumber/Users/sam/.m2/repository/org/junit/platform/junit-platform-suite-engine/1.8.2/junit-platform-suite-engine-1.8.2.jar:/Users/sam/Downloads/bilarn-cucumber/bilarn-example-cucumber/Users/sam/.m2/repository/org/junit/platform/junit-platform-suite-commons/1.8.2/junit-platform-suite-commons-1.8.2.jar:/Users/sam/Downloads/bilarn-cucumber/bilarn-example-cucumber/Users/sam/.m2/repository/org/junit/platform/junit-platform-launcher/1.8.2/junit-platform-launcher-1.8.2.jar:/Users/sam/Downloads/bilarn-cucumber/bilarn-example-cucumber/Users/sam/.m2/repository/org/junit/jupiter/junit-jupiter/5.8.2/junit-jupiter-5.8.2.jar:/Users/sam/Downloads/bilarn-cucumber/bilarn-example-cucumber/Users/sam/.m2/repository/org/junit/jupiter/junit-jupiter-api/5.8.2/junit-jupiter-api-5.8.2.jar:/Users/sam/Downloads/bilarn-cucumber/bilarn-example-cucumber/Users/sam/.m2/repository/org/junit/jupiter/junit-jupiter-params/5.8.2/junit-jupiter-params-5.8.2.jar:/Users/sam/Downloads/bilarn-cucumber/bilarn-example-cucumber/Users/sam/.m2/repository/org/junit/jupiter/junit-jupiter-engine/5.8.2/junit-jupiter-engine-5.8.2.jar:"/>
    <property name="sun.cpu.endian" value="little"/>
    <property name="user.home" value="/Users/sam"/>
    <property name="user.language" value="en"/>
    <property name="java.specification.vendor" value="Oracle Corporation"/>
    <property name="java.version.date" value="2020-07-14"/>
    <property name="java.home" value="/Users/sam/Library/Java/JavaVirtualMachines/openjdk-14.0.2/Contents/Home"/>
    <property name="file.separator" value="/"/>
    <property name="basedir" value="/Users/sam/Downloads/bilarn-cucumber/bilarn-example-cucumber"/>
    <property name="java.vm.compressedOopsMode" value="Zero based"/>
    <property name="line.separator" value="&#10;"/>
    <property name="java.specification.name" value="Java Platform API Specification"/>
    <property name="java.vm.specification.vendor" value="Oracle Corporation"/>
    <property name="surefire.real.class.path" value="/Users/sam/Downloads/bilarn-cucumber/bilarn-example-cucumber/target/surefire/surefirebooter4156507167119637731.jar"/>
    <property name="sun.management.compiler" value="HotSpot 64-Bit Tiered Compilers"/>
    <property name="ftp.nonProxyHosts" value="local|*.local|169.254/16|*.169.254/16"/>
    <property name="java.runtime.version" value="14.0.2+12-46"/>
    <property name="user.name" value="sam"/>
    <property name="path.separator" value=":"/>
    <property name="os.version" value="10.15.7"/>
    <property name="java.runtime.name" value="OpenJDK Runtime Environment"/>
    <property name="file.encoding" value="UTF-8"/>
    <property name="java.vm.name" value="OpenJDK 64-Bit Server VM"/>
    <property name="localRepository" value="/Users/sam/Downloads/bilarn-cucumber/bilarn-example-cucumber/Users/sam/.m2/repository"/>
    <property name="java.vendor.url.bug" value="https://bugreport.java.com/bugreport/"/>
    <property name="java.io.tmpdir" value="/var/folders/ss/3390k6q96qvcxzd2rl3ks7n00000gq/T/"/>
    <property name="java.version" value="14.0.2"/>
    <property name="user.dir" value="/Users/sam/Downloads/bilarn-cucumber/bilarn-example-cucumber"/>
    <property name="os.arch" value="x86_64"/>
    <property name="java.vm.specification.name" value="Java Virtual Machine Specification"/>
    <property name="java.library.path" value="/Users/sam/Library/Java/Extensions:/Library/Java/Extensions:/Network/Library/Java/Extensions:/System/Library/Java/Extensions:/usr/lib/java:."/>
    <property name="java.vm.info" value="mixed mode, sharing"/>
    <property name="java.vendor" value="Oracle Corporation"/>
    <property name="java.vm.version" value="14.0.2+12-46"/>
    <property name="sun.io.unicode.encoding" value="UnicodeBig"/>
    <property name="socksNonProxyHosts" value="local|*.local|169.254/16|*.169.254/16"/>
    <property name="java.class.version" value="58.0"/>
  </properties>
  <testcase name="Example #1" classname="Examples" time="0.067">
    <system-out><![CDATA[
Scenario Outline: Addition of numbers &amp#27;[90m# com/bilarn/cucumber/scenario.feature:10&amp#27;[0m
  &amp#27;[32mGiven &amp#27;[0m&amp#27;[32mx=&amp#27;[0m&amp#27;[32m&amp#27;[1m3&amp#27;[0m                           &amp#27;[90m# com.bilarn.cucumber.StepDefinitions.x(java.lang.Integer)&amp#27;[0m
  &amp#27;[32mAnd &amp#27;[0m&amp#27;[32my=&amp#27;[0m&amp#27;[32m&amp#27;[1m2&amp#27;[0m                             &amp#27;[90m# com.bilarn.cucumber.StepDefinitions.y(java.lang.Integer)&amp#27;[0m
  &amp#27;[32mWhen &amp#27;[0m&amp#27;[32mI add up x and y&amp#27;[0m               &amp#27;[90m# com.bilarn.cucumber.StepDefinitions.i_add_up_x_and_y()&amp#27;[0m
  &amp#27;[32mThen &amp#27;[0m&amp#27;[32mI should get result as &amp#27;[0m&amp#27;[32m&amp#27;[1m5&amp#27;[0m       &amp#27;[90m# com.bilarn.cucumber.StepDefinitions.i_should_get_result_as(java.lang.Integer)&amp#27;[0m
]]></system-out>
  </testcase>
</testsuite>